# JRE version: Java(TM) SE Runtime Environment (8.0_181-b13) (build 1.8.0_181-b13)
# Java VM: Java HotSpot(TM) 64-Bit Server VM (25.181-b13 mixed mode windows-amd64 compressed oops)
Heap:
 PSYoungGen      total 66560K, used 1804K [0x00000000f5d00000, 0x00000000fbf00000, 0x0000000100000000)
  eden space 60928K, 2% used [0x00000000f5d00000,0x00000000f5ec3100,0x00000000f9880000)
  from space 5632K, 0% used [0x00000000fa300000,0x00000000fa300000,0x00000000fa880000)
  to   space 10752K, 0% used [0x00000000f9880000,0x00000000f9880000,0x00000000fa300000)
 ParOldGen       total 22528K, used 19209K [0x00000000e1600000, 0x00000000e2c00000, 0x00000000f5d00000)
  object space 22528K, 85% used [0x00000000e1600000,0x00000000e28c25a0,0x00000000e2c00000)
 Metaspace       used 32296K, capacity 33544K, committed 33840K, reserved 1079296K
  class space    used 4123K, capacity 4382K, committed 4400K, reserved 1048576K
GC Heap History (10 events):
Event: 29.388 GC heap before
{Heap before GC invocations=8 (full 1):
 PSYoungGen      total 38400K, used 3996K [0x00000000f5d00000, 0x00000000fa900000, 0x0000000100000000)
  eden space 33792K, 0% used [0x00000000f5d00000,0x00000000f5d00000,0x00000000f7e00000)
  from space 4608K, 86% used [0x00000000f7e00000,0x00000000f81e7180,0x00000000f8280000)
  to   space 5120K, 0% used [0x00000000fa400000,0x00000000fa400000,0x00000000fa900000)
 ParOldGen       total 22016K, used 8717K [0x00000000e1600000, 0x00000000e2b80000, 0x00000000f5d00000)
  object space 22016K, 39% used [0x00000000e1600000,0x00000000e1e83790,0x00000000e2b80000)
 Metaspace       used 20649K, capacity 21204K, committed 21296K, reserved 1067008K
  class space    used 2633K, capacity 2822K, committed 2864K, reserved 1048576K
Event: 29.832 GC heap after
Heap after GC invocations=8 (full 1):
 PSYoungGen      total 38400K, used 0K [0x00000000f5d00000, 0x00000000fa900000, 0x0000000100000000)
  eden space 33792K, 0% used [0x00000000f5d00000,0x00000000f5d00000,0x00000000f7e00000)
  from space 4608K, 0% used [0x00000000f7e00000,0x00000000f7e00000,0x00000000f8280000)
  to   space 5120K, 0% used [0x00000000fa400000,0x00000000fa400000,0x00000000fa900000)
 ParOldGen       total 22528K, used 6846K [0x00000000e1600000, 0x00000000e2c00000, 0x00000000f5d00000)
  object space 22528K, 30% used [0x00000000e1600000,0x00000000e1cafad0,0x00000000e2c00000)
 Metaspace       used 20649K, capacity 21204K, committed 21296K, reserved 1067008K
  class space    used 2633K, capacity 2822K, committed 2864K, reserved 1048576K
}
Event: 38.681 GC heap before
{Heap before GC invocations=9 (full 1):
 PSYoungGen      total 38400K, used 33792K [0x00000000f5d00000, 0x00000000fa900000, 0x0000000100000000)
  eden space 33792K, 100% used [0x00000000f5d00000,0x00000000f7e00000,0x00000000f7e00000)
  from space 4608K, 0% used [0x00000000f7e00000,0x00000000f7e00000,0x00000000f8280000)
  to   space 5120K, 0% used [0x00000000fa400000,0x00000000fa400000,0x00000000fa900000)
 ParOldGen       total 22528K, used 6846K [0x00000000e1600000, 0x00000000e2c00000, 0x00000000f5d00000)
  object space 22528K, 30% used [0x00000000e1600000,0x00000000e1cafad0,0x00000000e2c00000)
 Metaspace       used 24029K, capacity 24802K, committed 25136K, reserved 1071104K
  class space    used 3062K, capacity 3261K, committed 3376K, reserved 1048576K
Event: 38.699 GC heap after
Heap after GC invocations=9 (full 1):
 PSYoungGen      total 54272K, used 4591K [0x00000000f5d00000, 0x00000000fa880000, 0x0000000100000000)
  eden space 49664K, 0% used [0x00000000f5d00000,0x00000000f5d00000,0x00000000f8d80000)
  from space 4608K, 99% used [0x00000000fa400000,0x00000000fa87be10,0x00000000fa880000)
  to   space 5632K, 0% used [0x00000000f9d80000,0x00000000f9d80000,0x00000000fa300000)
 ParOldGen       total 22528K, used 6854K [0x00000000e1600000, 0x00000000e2c00000, 0x00000000f5d00000)
  object space 22528K, 30% used [0x00000000e1600000,0x00000000e1cb1ad0,0x00000000e2c00000)
 Metaspace       used 24029K, capacity 24802K, committed 25136K, reserved 1071104K
  class space    used 3062K, capacity 3261K, committed 3376K, reserved 1048576K
}
Event: 63.493 GC heap before
{Heap before GC invocations=10 (full 1):
 PSYoungGen      total 54272K, used 54255K [0x00000000f5d00000, 0x00000000fa880000, 0x0000000100000000)
  eden space 49664K, 100% used [0x00000000f5d00000,0x00000000f8d80000,0x00000000f8d80000)
  from space 4608K, 99% used [0x00000000fa400000,0x00000000fa87be10,0x00000000fa880000)
  to   space 5632K, 0% used [0x00000000f9d80000,0x00000000f9d80000,0x00000000fa300000)
 ParOldGen       total 22528K, used 6854K [0x00000000e1600000, 0x00000000e2c00000, 0x00000000f5d00000)
  object space 22528K, 30% used [0x00000000e1600000,0x00000000e1cb1ad0,0x00000000e2c00000)
 Metaspace       used 28238K, capacity 29410K, committed 29488K, reserved 1075200K
  class space    used 3638K, capacity 3865K, committed 3888K, reserved 1048576K
Event: 63.663 GC heap after
Heap after GC invocations=10 (full 1):
 PSYoungGen      total 68608K, used 5605K [0x00000000f5d00000, 0x00000000fa880000, 0x0000000100000000)
  eden space 62976K, 0% used [0x00000000f5d00000,0x00000000f5d00000,0x00000000f9a80000)
  from space 5632K, 99% used [0x00000000f9d80000,0x00000000fa2f9480,0x00000000fa300000)
  to   space 5632K, 0% used [0x00000000fa300000,0x00000000fa300000,0x00000000fa880000)
 ParOldGen       total 22528K, used 9392K [0x00000000e1600000, 0x00000000e2c00000, 0x00000000f5d00000)
  object space 22528K, 41% used [0x00000000e1600000,0x00000000e1f2c318,0x00000000e2c00000)
 Metaspace       used 28238K, capacity 29410K, committed 29488K, reserved 1075200K
  class space    used 3638K, capacity 3865K, committed 3888K, reserved 1048576K
}
Event: 77.554 GC heap before
{Heap before GC invocations=11 (full 1):
 PSYoungGen      total 68608K, used 68581K [0x00000000f5d00000, 0x00000000fa880000, 0x0000000100000000)
  eden space 62976K, 100% used [0x00000000f5d00000,0x00000000f9a80000,0x00000000f9a80000)
  from space 5632K, 99% used [0x00000000f9d80000,0x00000000fa2f9480,0x00000000fa300000)
  to   space 5632K, 0% used [0x00000000fa300000,0x00000000fa300000,0x00000000fa880000)
 ParOldGen       total 22528K, used 9392K [0x00000000e1600000, 0x00000000e2c00000, 0x00000000f5d00000)
  object space 22528K, 41% used [0x00000000e1600000,0x00000000e1f2c318,0x00000000e2c00000)
 Metaspace       used 32279K, capacity 33538K, committed 33840K, reserved 1079296K
  class space    used 4121K, capacity 4381K, committed 4400K, reserved 1048576K
Event: 77.653 GC heap after
Heap after GC invocations=11 (full 1):
 PSYoungGen      total 66560K, used 5620K [0x00000000f5d00000, 0x00000000fbf00000, 0x0000000100000000)
  eden space 60928K, 0% used [0x00000000f5d00000,0x00000000f5d00000,0x00000000f9880000)
  from space 5632K, 99% used [0x00000000fa300000,0x00000000fa87d050,0x00000000fa880000)
  to   space 10752K, 0% used [0x00000000f9880000,0x00000000f9880000,0x00000000fa300000)
 ParOldGen       total 22528K, used 18360K [0x00000000e1600000, 0x00000000e2c00000, 0x00000000f5d00000)
  object space 22528K, 81% used [0x00000000e1600000,0x00000000e27ee0b8,0x00000000e2c00000)
 Metaspace       used 32279K, capacity 33538K, committed 33840K, reserved 1079296K
  class space    used 4121K, capacity 4381K, committed 4400K, reserved 1048576K
}
Event: 77.653 GC heap before
{Heap before GC invocations=12 (full 2):
 PSYoungGen      total 66560K, used 5620K [0x00000000f5d00000, 0x00000000fbf00000, 0x0000000100000000)
  eden space 60928K, 0% used [0x00000000f5d00000,0x00000000f5d00000,0x00000000f9880000)
  from space 5632K, 99% used [0x00000000fa300000,0x00000000fa87d050,0x00000000fa880000)
  to   space 10752K, 0% used [0x00000000f9880000,0x00000000f9880000,0x00000000fa300000)
 ParOldGen       total 22528K, used 18360K [0x00000000e1600000, 0x00000000e2c00000, 0x00000000f5d00000)
  object space 22528K, 81% used [0x00000000e1600000,0x00000000e27ee0b8,0x00000000e2c00000)
 Metaspace       used 32279K, capacity 33538K, committed 33840K, reserved 1079296K
  class space    used 4121K, capacity 4381K, committed 4400K, reserved 1048576K
Event: 78.479 GC heap after
Heap after GC invocations=12 (full 2):
 PSYoungGen      total 66560K, used 0K [0x00000000f5d00000, 0x00000000fbf00000, 0x0000000100000000)
  eden space 60928K, 0% used [0x00000000f5d00000,0x00000000f5d00000,0x00000000f9880000)
  from space 5632K, 0% used [0x00000000fa300000,0x00000000fa300000,0x00000000fa880000)
  to   space 10752K, 0% used [0x00000000f9880000,0x00000000f9880000,0x00000000fa300000)
 ParOldGen       total 22528K, used 19209K [0x00000000e1600000, 0x00000000e2c00000, 0x00000000f5d00000)
  object space 22528K, 85% used [0x00000000e1600000,0x00000000e28c25a0,0x00000000e2c00000)
 Metaspace       used 32279K, capacity 33538K, committed 33840K, reserved 1079296K
  class space    used 4121K, capacity 4381K, committed 4400K, reserved 1048576K
}

